<?xml version="1.0" encoding="UTF-8"?>
<Site BuildName="(empty)"
	BuildStamp="20240820-1225-Experimental"
	Name="rise"
	Generator="ctest-3.16.3"
	CompilerName="/usr/bin/c++"
	CompilerVersion="9.4.0"
	OSName="Linux"
	Hostname="rise"
	OSRelease="5.15.0-117-generic"
	OSVersion="#127~20.04.1-Ubuntu SMP Thu Jul 11 15:36:12 UTC 2024"
	OSPlatform="x86_64"
	Is64Bits="1"
	VendorString="GenuineIntel"
	VendorID="Intel Corporation"
	FamilyID="6"
	ModelID="186"
	ProcessorCacheSize="24576"
	NumberOfLogicalCPU="16"
	NumberOfPhysicalCPU="10"
	TotalVirtualMemory="2047"
	TotalPhysicalMemory="31793"
	LogicalProcessorsPerPhysical="1"
	ProcessorClockFrequency="2900"
	>
	<Testing>
		<StartDateTime>Aug 20 21:25 KST</StartDateTime>
		<StartTestTime>1724156703</StartTestTime>
		<TestList/>
		<EndDateTime>Aug 20 21:25 KST</EndDateTime>
		<EndTestTime>1724156703</EndTestTime>
		<ElapsedMinutes>0</ElapsedMinutes>
	</Testing>
</Site>
